<?xml version="1.0" encoding="UTF-8"?>
<testng-results ignored="0" total="1" passed="1" failed="0" skipped="0">
  <reporter-output>
  </reporter-output>
  <suite started-at="2023-05-02T11:23:16 BST" name="Default suite" finished-at="2023-05-02T11:23:23 BST" duration-ms="6614">
    <groups>
    </groups>
    <test started-at="2023-05-02T11:23:16 BST" name="Default test" finished-at="2023-05-02T11:23:23 BST" duration-ms="6614">
      <class name="TestngAssignments.SoftAssertGetnewuser">
        <test-method is-config="true" signature="browserlaunch()[pri:0, instance:TestngAssignments.SoftAssertGetnewuser@1704f67f]" started-at="2023-05-02T11:23:16 BST" name="browserlaunch" finished-at="2023-05-02T11:23:20 BST" duration-ms="4116" status="PASS">
          <reporter-output>
          </reporter-output>
        </test-method> <!-- browserlaunch -->
        <test-method signature="verifynewuser()[pri:0, instance:TestngAssignments.SoftAssertGetnewuser@1704f67f]" started-at="2023-05-02T11:23:20 BST" name="verifynewuser" finished-at="2023-05-02T11:23:23 BST" duration-ms="2291" status="PASS">
          <reporter-output>
          </reporter-output>
        </test-method> <!-- verifynewuser -->
      </class> <!-- TestngAssignments.SoftAssertGetnewuser -->
    </test> <!-- Default test -->
  </suite> <!-- Default suite -->
</testng-results>
